<!DOCTYPE html>

<html>
  <head>
  <meta charset='utf-8'>
  <title>TestNG reports</title>

    <link type="text/css" href="testng-reports.css" rel="stylesheet" />
    <script type="text/javascript" src="jquery-1.7.1.min.js"></script>
    <script type="text/javascript" src="testng-reports.js"></script>
    <script type="text/javascript" src="https://www.google.com/jsapi"></script>
    <script type='text/javascript'>
      google.load('visualization', '1', {packages:['table']});
      google.setOnLoadCallback(drawTable);
      var suiteTableInitFunctions = new Array();
      var suiteTableData = new Array();
    </script>
    <!--
      <script type="text/javascript" src="jquery-ui/js/jquery-ui-1.8.16.custom.min.js"></script>
     -->
  </head>

  <body>
    <div class="top-banner-root">
      <span class="top-banner-title-font">Test results</span>
      <br/>
      <span class="top-banner-font-1">1 suite, 4 failed tests</span>
    </div> <!-- top-banner-root -->
    <div class="navigator-root">
      <div class="navigator-suite-header">
        <span>All suites</span>
        <a href="#" title="Collapse/expand all the suites" class="collapse-all-link">
          <img src="collapseall.gif" class="collapse-all-icon">
          </img> <!-- collapse-all-icon -->
        </a> <!-- collapse-all-link -->
      </div> <!-- navigator-suite-header -->
      <div class="suite">
        <div class="rounded-window">
          <div class="suite-header light-rounded-window-top">
            <a href="#" panel-name="suite-Test_automtion_regression_suite" class="navigator-link">
              <span class="suite-name border-failed">Test automtion regression suite</span>
            </a> <!-- navigator-link -->
          </div> <!-- suite-header light-rounded-window-top -->
          <div class="navigator-suite-content">
            <div class="suite-section-title">
              <span>Info</span>
            </div> <!-- suite-section-title -->
            <div class="suite-section-content">
              <ul>
                <li>
                  <a href="#" panel-name="test-xml-Test_automtion_regression_suite" class="navigator-link ">
                    <span>C:\Users\kmewade\eclipse-workspace\Selenium\src\test\resources\testrunners\testng.xml</span>
                  </a> <!-- navigator-link  -->
                </li>
                <li>
                  <a href="#" panel-name="testlist-Test_automtion_regression_suite" class="navigator-link ">
                    <span class="test-stats">7 tests</span>
                  </a> <!-- navigator-link  -->
                </li>
                <li>
                  <a href="#" panel-name="group-Test_automtion_regression_suite" class="navigator-link ">
                    <span>0 groups</span>
                  </a> <!-- navigator-link  -->
                </li>
                <li>
                  <a href="#" panel-name="times-Test_automtion_regression_suite" class="navigator-link ">
                    <span>Times</span>
                  </a> <!-- navigator-link  -->
                </li>
                <li>
                  <a href="#" panel-name="reporter-Test_automtion_regression_suite" class="navigator-link ">
                    <span>Reporter output</span>
                  </a> <!-- navigator-link  -->
                </li>
                <li>
                  <a href="#" panel-name="ignored-methods-Test_automtion_regression_suite" class="navigator-link ">
                    <span>Ignored methods</span>
                  </a> <!-- navigator-link  -->
                </li>
                <li>
                  <a href="#" panel-name="chronological-Test_automtion_regression_suite" class="navigator-link ">
                    <span>Chronological view</span>
                  </a> <!-- navigator-link  -->
                </li>
              </ul>
            </div> <!-- suite-section-content -->
            <div class="result-section">
              <div class="suite-section-title">
                <span>Results</span>
              </div> <!-- suite-section-title -->
              <div class="suite-section-content">
                <ul>
                  <li>
                    <span class="method-stats">24 methods, 4 failed,  7 skipped,  13 passed</span>
                  </li>
                  <li>
                    <span class="method-list-title failed">Failed methods</span>
                    <span class="show-or-hide-methods failed">
                      <a href="#" panel-name="suite-Test_automtion_regression_suite" class="hide-methods failed suite-Test_automtion_regression_suite"> (hide)</a> <!-- hide-methods failed suite-Test_automtion_regression_suite -->
                      <a href="#" panel-name="suite-Test_automtion_regression_suite" class="show-methods failed suite-Test_automtion_regression_suite"> (show)</a> <!-- show-methods failed suite-Test_automtion_regression_suite -->
                    </span>
                    <div class="method-list-content failed suite-Test_automtion_regression_suite">
                      <span>
                        <img src="failed.png" width="3%"/>
                        <a href="#" panel-name="suite-Test_automtion_regression_suite" title="MyTests.OrangeHRMTest" class="method navigator-link" hash-for-method="orangeHRMFreeTrailButtonTest">orangeHRMFreeTrailButtonTest</a> <!-- method navigator-link -->
                      </span>
                      <br/>
                      <span>
                        <img src="failed.png" width="3%"/>
                        <a href="#" panel-name="suite-Test_automtion_regression_suite" title="MyTests.OrangeHRMTest" class="method navigator-link" hash-for-method="orangeHRMFreeTrailButtonTest">orangeHRMFreeTrailButtonTest</a> <!-- method navigator-link -->
                      </span>
                      <br/>
                      <span>
                        <img src="failed.png" width="3%"/>
                        <a href="#" panel-name="suite-Test_automtion_regression_suite" title="MyTests.OrangeHRMTest" class="method navigator-link" hash-for-method="orangeHRMTitleTest">orangeHRMTitleTest</a> <!-- method navigator-link -->
                      </span>
                      <br/>
                      <span>
                        <img src="failed.png" width="3%"/>
                        <a href="#" panel-name="suite-Test_automtion_regression_suite" title="MyTests.OrangeHRMTest" class="method navigator-link" hash-for-method="orangeHRMTitleTest">orangeHRMTitleTest</a> <!-- method navigator-link -->
                      </span>
                      <br/>
                    </div> <!-- method-list-content failed suite-Test_automtion_regression_suite -->
                  </li>
                  <li>
                    <span class="method-list-title skipped">Skipped methods</span>
                    <span class="show-or-hide-methods skipped">
                      <a href="#" panel-name="suite-Test_automtion_regression_suite" class="hide-methods skipped suite-Test_automtion_regression_suite"> (hide)</a> <!-- hide-methods skipped suite-Test_automtion_regression_suite -->
                      <a href="#" panel-name="suite-Test_automtion_regression_suite" class="show-methods skipped suite-Test_automtion_regression_suite"> (show)</a> <!-- show-methods skipped suite-Test_automtion_regression_suite -->
                    </span>
                    <div class="method-list-content skipped suite-Test_automtion_regression_suite">
                      <span>
                        <img src="skipped.png" width="3%"/>
                        <a href="#" panel-name="suite-Test_automtion_regression_suite" title="MyTests.DemoCartTest" class="method navigator-link" hash-for-method="demoCartTitleTest">demoCartTitleTest</a> <!-- method navigator-link -->
                      </span>
                      <br/>
                      <span>
                        <img src="skipped.png" width="3%"/>
                        <a href="#" panel-name="suite-Test_automtion_regression_suite" title="MyTests.DemoCartTest" class="method navigator-link" hash-for-method="demoCartUrlTest">demoCartUrlTest</a> <!-- method navigator-link -->
                      </span>
                      <br/>
                      <span>
                        <img src="skipped.png" width="3%"/>
                        <a href="#" panel-name="suite-Test_automtion_regression_suite" title="MyTests.OrangeHRMTest" class="method navigator-link" hash-for-method="orangeHRMFreeTrailButtonTest">orangeHRMFreeTrailButtonTest</a> <!-- method navigator-link -->
                      </span>
                      <br/>
                      <span>
                        <img src="skipped.png" width="3%"/>
                        <a href="#" panel-name="suite-Test_automtion_regression_suite" title="MyTests.OrangeHRMTest" class="method navigator-link" hash-for-method="orangeHRMTitleTest">orangeHRMTitleTest</a> <!-- method navigator-link -->
                      </span>
                      <br/>
                      <span>
                        <img src="skipped.png" width="3%"/>
                        <a href="#" panel-name="suite-Test_automtion_regression_suite" title="MyTests.OrangeHRMTest" class="method navigator-link" hash-for-method="orangeHRMUrlTest">orangeHRMUrlTest</a> <!-- method navigator-link -->
                      </span>
                      <br/>
                      <span>
                        <img src="skipped.png" width="3%"/>
                        <a href="#" panel-name="suite-Test_automtion_regression_suite" title="MyTests.OrangeHRMTest" class="method navigator-link" hash-for-method="testing">testing</a> <!-- method navigator-link -->
                      </span>
                      <br/>
                      <span>
                        <img src="skipped.png" width="3%"/>
                        <a href="#" panel-name="suite-Test_automtion_regression_suite" title="MyTests.DemoCartTest" class="method navigator-link" hash-for-method="testing">testing</a> <!-- method navigator-link -->
                      </span>
                      <br/>
                    </div> <!-- method-list-content skipped suite-Test_automtion_regression_suite -->
                  </li>
                  <li>
                    <span class="method-list-title passed">Passed methods</span>
                    <span class="show-or-hide-methods passed">
                      <a href="#" panel-name="suite-Test_automtion_regression_suite" class="hide-methods passed suite-Test_automtion_regression_suite"> (hide)</a> <!-- hide-methods passed suite-Test_automtion_regression_suite -->
                      <a href="#" panel-name="suite-Test_automtion_regression_suite" class="show-methods passed suite-Test_automtion_regression_suite"> (show)</a> <!-- show-methods passed suite-Test_automtion_regression_suite -->
                    </span>
                    <div class="method-list-content passed suite-Test_automtion_regression_suite">
                      <span>
                        <img src="passed.png" width="3%"/>
                        <a href="#" panel-name="suite-Test_automtion_regression_suite" title="testngsessions.AmazonTest" class="method navigator-link" hash-for-method="amazonLogoTest">amazonLogoTest</a> <!-- method navigator-link -->
                      </span>
                      <br/>
                      <span>
                        <img src="passed.png" width="3%"/>
                        <a href="#" panel-name="suite-Test_automtion_regression_suite" title="testngsessions.AmazonTest" class="method navigator-link" hash-for-method="amazonPageTitleTest">amazonPageTitleTest</a> <!-- method navigator-link -->
                      </span>
                      <br/>
                      <span>
                        <img src="passed.png" width="3%"/>
                        <a href="#" panel-name="suite-Test_automtion_regression_suite" title="MyTests.DemoCartTest" class="method navigator-link" hash-for-method="demoCartTitleTest">demoCartTitleTest</a> <!-- method navigator-link -->
                      </span>
                      <br/>
                      <span>
                        <img src="passed.png" width="3%"/>
                        <a href="#" panel-name="suite-Test_automtion_regression_suite" title="MyTests.DemoCartTest" class="method navigator-link" hash-for-method="demoCartTitleTest">demoCartTitleTest</a> <!-- method navigator-link -->
                      </span>
                      <br/>
                      <span>
                        <img src="passed.png" width="3%"/>
                        <a href="#" panel-name="suite-Test_automtion_regression_suite" title="MyTests.DemoCartTest" class="method navigator-link" hash-for-method="demoCartUrlTest">demoCartUrlTest</a> <!-- method navigator-link -->
                      </span>
                      <br/>
                      <span>
                        <img src="passed.png" width="3%"/>
                        <a href="#" panel-name="suite-Test_automtion_regression_suite" title="MyTests.DemoCartTest" class="method navigator-link" hash-for-method="demoCartUrlTest">demoCartUrlTest</a> <!-- method navigator-link -->
                      </span>
                      <br/>
                      <span>
                        <img src="passed.png" width="3%"/>
                        <a href="#" panel-name="suite-Test_automtion_regression_suite" title="MyTests.OrangeHRMTest" class="method navigator-link" hash-for-method="orangeHRMUrlTest">orangeHRMUrlTest</a> <!-- method navigator-link -->
                      </span>
                      <br/>
                      <span>
                        <img src="passed.png" width="3%"/>
                        <a href="#" panel-name="suite-Test_automtion_regression_suite" title="MyTests.OrangeHRMTest" class="method navigator-link" hash-for-method="orangeHRMUrlTest">orangeHRMUrlTest</a> <!-- method navigator-link -->
                      </span>
                      <br/>
                      <span>
                        <img src="passed.png" width="3%"/>
                        <a href="#" panel-name="suite-Test_automtion_regression_suite" title="testngsessions.AmazonTest" class="method navigator-link" hash-for-method="searchBarExistTest">searchBarExistTest</a> <!-- method navigator-link -->
                      </span>
                      <br/>
                      <span>
                        <img src="passed.png" width="3%"/>
                        <a href="#" panel-name="suite-Test_automtion_regression_suite" title="MyTests.DemoCartTest" class="method navigator-link" hash-for-method="testing">testing</a> <!-- method navigator-link -->
                      </span>
                      <br/>
                      <span>
                        <img src="passed.png" width="3%"/>
                        <a href="#" panel-name="suite-Test_automtion_regression_suite" title="MyTests.OrangeHRMTest" class="method navigator-link" hash-for-method="testing">testing</a> <!-- method navigator-link -->
                      </span>
                      <br/>
                      <span>
                        <img src="passed.png" width="3%"/>
                        <a href="#" panel-name="suite-Test_automtion_regression_suite" title="MyTests.DemoCartTest" class="method navigator-link" hash-for-method="testing">testing</a> <!-- method navigator-link -->
                      </span>
                      <br/>
                      <span>
                        <img src="passed.png" width="3%"/>
                        <a href="#" panel-name="suite-Test_automtion_regression_suite" title="MyTests.OrangeHRMTest" class="method navigator-link" hash-for-method="testing">testing</a> <!-- method navigator-link -->
                      </span>
                      <br/>
                    </div> <!-- method-list-content passed suite-Test_automtion_regression_suite -->
                  </li>
                </ul>
              </div> <!-- suite-section-content -->
            </div> <!-- result-section -->
          </div> <!-- navigator-suite-content -->
        </div> <!-- rounded-window -->
      </div> <!-- suite -->
    </div> <!-- navigator-root -->
    <div class="wrapper">
      <div class="main-panel-root">
        <div panel-name="suite-Test_automtion_regression_suite" class="panel Test_automtion_regression_suite">
          <div class="suite-Test_automtion_regression_suite-class-failed">
            <div class="main-panel-header rounded-window-top">
              <img src="failed.png"/>
              <span class="class-name">MyTests.OrangeHRMTest</span>
            </div> <!-- main-panel-header rounded-window-top -->
            <div class="main-panel-content rounded-window-bottom">
              <div class="method">
                <div class="method-content">
                  <a name="orangeHRMFreeTrailButtonTest">
                  </a> <!-- orangeHRMFreeTrailButtonTest -->
                  <span class="method-name">orangeHRMFreeTrailButtonTest</span>
                  <div class="stack-trace">org.openqa.selenium.NoSuchElementException: no such element: Unable to locate element: {&quot;method&quot;:&quot;css selector&quot;,&quot;selector&quot;:&quot;.contact-ohrm&quot;}
  (Session info: chrome=105.0.5195.102)
For documentation on this error, please visit: https://www.seleniumhq.org/exceptions/no_such_element.html
Build info: version: &apos;3.141.59&apos;, revision: &apos;e82be7d358&apos;, time: &apos;2018-11-14T08:17:03&apos;
System info: host: &apos;kmewade-z01&apos;, ip: &apos;192.168.1.6&apos;, os.name: &apos;Windows 10&apos;, os.arch: &apos;amd64&apos;, os.version: &apos;10.0&apos;, java.version: &apos;15.0.1&apos;
Driver info: org.openqa.selenium.chrome.ChromeDriver
Capabilities {acceptInsecureCerts: false, browserName: chrome, browserVersion: 105.0.5195.102, chrome: {chromedriverVersion: 105.0.5195.52 (412c95e51883..., userDataDir: C:\Users\kmewade\AppData\Lo...}, goog:chromeOptions: {debuggerAddress: localhost:49698}, javascriptEnabled: true, networkConnectionEnabled: false, pageLoadStrategy: normal, platform: WINDOWS, platformName: WINDOWS, proxy: Proxy(), setWindowRect: true, strictFileInteractability: false, timeouts: {implicit: 0, pageLoad: 300000, script: 30000}, unhandledPromptBehavior: dismiss and notify, webauthn:extension:credBlob: true, webauthn:extension:largeBlob: true, webauthn:virtualAuthenticators: true}
Session ID: 7bf3354de6473a0744011dd530beabd3
*** Element info: {Using=css selector, value=.contact-ohrm}
	at java.base/jdk.internal.reflect.NativeConstructorAccessorImpl.newInstance0(Native Method)
	at java.base/jdk.internal.reflect.NativeConstructorAccessorImpl.newInstance(NativeConstructorAccessorImpl.java:64)
	at java.base/jdk.internal.reflect.DelegatingConstructorAccessorImpl.newInstance(DelegatingConstructorAccessorImpl.java:45)
	at java.base/java.lang.reflect.Constructor.newInstanceWithCaller(Constructor.java:500)
	at java.base/java.lang.reflect.Constructor.newInstance(Constructor.java:481)
	at org.openqa.selenium.remote.http.W3CHttpResponseCodec.createException(W3CHttpResponseCodec.java:187)
	at org.openqa.selenium.remote.http.W3CHttpResponseCodec.decode(W3CHttpResponseCodec.java:122)
	at org.openqa.selenium.remote.http.W3CHttpResponseCodec.decode(W3CHttpResponseCodec.java:49)
	at org.openqa.selenium.remote.HttpCommandExecutor.execute(HttpCommandExecutor.java:158)
	at org.openqa.selenium.remote.service.DriverCommandExecutor.execute(DriverCommandExecutor.java:83)
	at org.openqa.selenium.remote.RemoteWebDriver.execute(RemoteWebDriver.java:552)
	at org.openqa.selenium.remote.RemoteWebDriver.findElement(RemoteWebDriver.java:323)
	at org.openqa.selenium.remote.RemoteWebDriver.findElementByCssSelector(RemoteWebDriver.java:420)
	at org.openqa.selenium.By$ByCssSelector.findElement(By.java:431)
	at org.openqa.selenium.remote.RemoteWebDriver.findElement(RemoteWebDriver.java:315)
	at MyTests.OrangeHRMTest.orangeHRMFreeTrailButtonTest(OrangeHRMTest.java:23)
	at java.base/jdk.internal.reflect.NativeMethodAccessorImpl.invoke0(Native Method)
	at java.base/jdk.internal.reflect.NativeMethodAccessorImpl.invoke(NativeMethodAccessorImpl.java:64)
	at java.base/jdk.internal.reflect.DelegatingMethodAccessorImpl.invoke(DelegatingMethodAccessorImpl.java:43)
	at java.base/java.lang.reflect.Method.invoke(Method.java:564)
	at org.testng.internal.MethodInvocationHelper.invokeMethod(MethodInvocationHelper.java:124)
	at org.testng.internal.Invoker.invokeMethod(Invoker.java:583)
	at org.testng.internal.Invoker.invokeTestMethod(Invoker.java:719)
	at org.testng.internal.Invoker.invokeTestMethods(Invoker.java:989)
	at org.testng.internal.TestMethodWorker.invokeTestMethods(TestMethodWorker.java:125)
	at org.testng.internal.TestMethodWorker.run(TestMethodWorker.java:109)
	at org.testng.TestRunner.privateRun(TestRunner.java:648)
	at org.testng.TestRunner.run(TestRunner.java:505)
	at org.testng.SuiteRunner.runTest(SuiteRunner.java:455)
	at org.testng.SuiteRunner.access$000(SuiteRunner.java:40)
	at org.testng.SuiteRunner$SuiteWorker.run(SuiteRunner.java:489)
	at org.testng.internal.thread.ThreadUtil$1.call(ThreadUtil.java:52)
	at java.base/java.util.concurrent.FutureTask.run(FutureTask.java:264)
	at java.base/java.util.concurrent.ThreadPoolExecutor.runWorker(ThreadPoolExecutor.java:1130)
	at java.base/java.util.concurrent.ThreadPoolExecutor$Worker.run(ThreadPoolExecutor.java:630)
	at java.base/java.lang.Thread.run(Thread.java:832)

</div> <!-- stack-trace -->
                </div> <!-- method-content -->
              </div> <!-- method -->
              <div class="method">
                <div class="method-content">
                  <a name="orangeHRMFreeTrailButtonTest">
                  </a> <!-- orangeHRMFreeTrailButtonTest -->
                  <span class="method-name">orangeHRMFreeTrailButtonTest</span>
                  <div class="stack-trace">org.openqa.selenium.NoSuchElementException: Unable to locate element: .contact-ohrm
For documentation on this error, please visit: https://www.seleniumhq.org/exceptions/no_such_element.html
Build info: version: &apos;3.141.59&apos;, revision: &apos;e82be7d358&apos;, time: &apos;2018-11-14T08:17:03&apos;
System info: host: &apos;kmewade-z01&apos;, ip: &apos;192.168.1.6&apos;, os.name: &apos;Windows 10&apos;, os.arch: &apos;amd64&apos;, os.version: &apos;10.0&apos;, java.version: &apos;15.0.1&apos;
Driver info: org.openqa.selenium.firefox.FirefoxDriver
Capabilities {acceptInsecureCerts: true, browserName: firefox, browserVersion: 60.7.2, javascriptEnabled: true, moz:accessibilityChecks: false, moz:headless: false, moz:processID: 9004, moz:profile: C:\Users\kmewade\AppData\Lo..., moz:useNonSpecCompliantPointerOrigin: false, moz:webdriverClick: true, pageLoadStrategy: normal, platform: XP, platformName: XP, platformVersion: 10.0, rotatable: false, timeouts: {implicit: 0, pageLoad: 300000, script: 30000}}
Session ID: 7cfeab31-8a64-48b2-8722-8a35f0138235
*** Element info: {Using=css selector, value=.contact-ohrm}
	at java.base/jdk.internal.reflect.NativeConstructorAccessorImpl.newInstance0(Native Method)
	at java.base/jdk.internal.reflect.NativeConstructorAccessorImpl.newInstance(NativeConstructorAccessorImpl.java:64)
	at java.base/jdk.internal.reflect.DelegatingConstructorAccessorImpl.newInstance(DelegatingConstructorAccessorImpl.java:45)
	at java.base/java.lang.reflect.Constructor.newInstanceWithCaller(Constructor.java:500)
	at java.base/java.lang.reflect.Constructor.newInstance(Constructor.java:481)
	at org.openqa.selenium.remote.http.W3CHttpResponseCodec.createException(W3CHttpResponseCodec.java:187)
	at org.openqa.selenium.remote.http.W3CHttpResponseCodec.decode(W3CHttpResponseCodec.java:122)
	at org.openqa.selenium.remote.http.W3CHttpResponseCodec.decode(W3CHttpResponseCodec.java:49)
	at org.openqa.selenium.remote.HttpCommandExecutor.execute(HttpCommandExecutor.java:158)
	at org.openqa.selenium.remote.service.DriverCommandExecutor.execute(DriverCommandExecutor.java:83)
	at org.openqa.selenium.remote.RemoteWebDriver.execute(RemoteWebDriver.java:552)
	at org.openqa.selenium.remote.RemoteWebDriver.findElement(RemoteWebDriver.java:323)
	at org.openqa.selenium.remote.RemoteWebDriver.findElementByCssSelector(RemoteWebDriver.java:420)
	at org.openqa.selenium.By$ByCssSelector.findElement(By.java:431)
	at org.openqa.selenium.remote.RemoteWebDriver.findElement(RemoteWebDriver.java:315)
	at MyTests.OrangeHRMTest.orangeHRMFreeTrailButtonTest(OrangeHRMTest.java:23)
	at java.base/jdk.internal.reflect.NativeMethodAccessorImpl.invoke0(Native Method)
	at java.base/jdk.internal.reflect.NativeMethodAccessorImpl.invoke(NativeMethodAccessorImpl.java:64)
	at java.base/jdk.internal.reflect.DelegatingMethodAccessorImpl.invoke(DelegatingMethodAccessorImpl.java:43)
	at java.base/java.lang.reflect.Method.invoke(Method.java:564)
	at org.testng.internal.MethodInvocationHelper.invokeMethod(MethodInvocationHelper.java:124)
	at org.testng.internal.Invoker.invokeMethod(Invoker.java:583)
	at org.testng.internal.Invoker.invokeTestMethod(Invoker.java:719)
	at org.testng.internal.Invoker.invokeTestMethods(Invoker.java:989)
	at org.testng.internal.TestMethodWorker.invokeTestMethods(TestMethodWorker.java:125)
	at org.testng.internal.TestMethodWorker.run(TestMethodWorker.java:109)
	at org.testng.TestRunner.privateRun(TestRunner.java:648)
	at org.testng.TestRunner.run(TestRunner.java:505)
	at org.testng.SuiteRunner.runTest(SuiteRunner.java:455)
	at org.testng.SuiteRunner.access$000(SuiteRunner.java:40)
	at org.testng.SuiteRunner$SuiteWorker.run(SuiteRunner.java:489)
	at org.testng.internal.thread.ThreadUtil$1.call(ThreadUtil.java:52)
	at java.base/java.util.concurrent.FutureTask.run(FutureTask.java:264)
	at java.base/java.util.concurrent.ThreadPoolExecutor.runWorker(ThreadPoolExecutor.java:1130)
	at java.base/java.util.concurrent.ThreadPoolExecutor$Worker.run(ThreadPoolExecutor.java:630)
	at java.base/java.lang.Thread.run(Thread.java:832)

</div> <!-- stack-trace -->
                </div> <!-- method-content -->
              </div> <!-- method -->
              <div class="method">
                <div class="method-content">
                  <a name="orangeHRMTitleTest">
                  </a> <!-- orangeHRMTitleTest -->
                  <span class="method-name">orangeHRMTitleTest</span>
                  <div class="stack-trace">java.lang.AssertionError: expected [Free Human Resource Management Software | 30 Day Trial Creation] but found [Sign Up for a Free HR Software Trial | OrangeHRM | OrangeHRM]
	at org.testng.Assert.fail(Assert.java:96)
	at org.testng.Assert.failNotEquals(Assert.java:776)
	at org.testng.Assert.assertEqualsImpl(Assert.java:137)
	at org.testng.Assert.assertEquals(Assert.java:118)
	at org.testng.Assert.assertEquals(Assert.java:453)
	at org.testng.Assert.assertEquals(Assert.java:463)
	at MyTests.OrangeHRMTest.orangeHRMTitleTest(OrangeHRMTest.java:12)
	at java.base/jdk.internal.reflect.NativeMethodAccessorImpl.invoke0(Native Method)
	at java.base/jdk.internal.reflect.NativeMethodAccessorImpl.invoke(NativeMethodAccessorImpl.java:64)
	at java.base/jdk.internal.reflect.DelegatingMethodAccessorImpl.invoke(DelegatingMethodAccessorImpl.java:43)
	at java.base/java.lang.reflect.Method.invoke(Method.java:564)
	at org.testng.internal.MethodInvocationHelper.invokeMethod(MethodInvocationHelper.java:124)
	at org.testng.internal.Invoker.invokeMethod(Invoker.java:583)
	at org.testng.internal.Invoker.invokeTestMethod(Invoker.java:719)
	at org.testng.internal.Invoker.invokeTestMethods(Invoker.java:989)
	at org.testng.internal.TestMethodWorker.invokeTestMethods(TestMethodWorker.java:125)
	at org.testng.internal.TestMethodWorker.run(TestMethodWorker.java:109)
	at org.testng.TestRunner.privateRun(TestRunner.java:648)
	at org.testng.TestRunner.run(TestRunner.java:505)
	at org.testng.SuiteRunner.runTest(SuiteRunner.java:455)
	at org.testng.SuiteRunner.access$000(SuiteRunner.java:40)
	at org.testng.SuiteRunner$SuiteWorker.run(SuiteRunner.java:489)
	at org.testng.internal.thread.ThreadUtil$1.call(ThreadUtil.java:52)
	at java.base/java.util.concurrent.FutureTask.run(FutureTask.java:264)
	at java.base/java.util.concurrent.ThreadPoolExecutor.runWorker(ThreadPoolExecutor.java:1130)
	at java.base/java.util.concurrent.ThreadPoolExecutor$Worker.run(ThreadPoolExecutor.java:630)
	at java.base/java.lang.Thread.run(Thread.java:832)

</div> <!-- stack-trace -->
                </div> <!-- method-content -->
              </div> <!-- method -->
              <div class="method">
                <div class="method-content">
                  <a name="orangeHRMTitleTest">
                  </a> <!-- orangeHRMTitleTest -->
                  <span class="method-name">orangeHRMTitleTest</span>
                  <div class="stack-trace">java.lang.AssertionError: expected [Free Human Resource Management Software | 30 Day Trial Creation] but found [Sign Up for a Free HR Software Trial | OrangeHRM | OrangeHRM]
	at org.testng.Assert.fail(Assert.java:96)
	at org.testng.Assert.failNotEquals(Assert.java:776)
	at org.testng.Assert.assertEqualsImpl(Assert.java:137)
	at org.testng.Assert.assertEquals(Assert.java:118)
	at org.testng.Assert.assertEquals(Assert.java:453)
	at org.testng.Assert.assertEquals(Assert.java:463)
	at MyTests.OrangeHRMTest.orangeHRMTitleTest(OrangeHRMTest.java:12)
	at java.base/jdk.internal.reflect.NativeMethodAccessorImpl.invoke0(Native Method)
	at java.base/jdk.internal.reflect.NativeMethodAccessorImpl.invoke(NativeMethodAccessorImpl.java:64)
	at java.base/jdk.internal.reflect.DelegatingMethodAccessorImpl.invoke(DelegatingMethodAccessorImpl.java:43)
	at java.base/java.lang.reflect.Method.invoke(Method.java:564)
	at org.testng.internal.MethodInvocationHelper.invokeMethod(MethodInvocationHelper.java:124)
	at org.testng.internal.Invoker.invokeMethod(Invoker.java:583)
	at org.testng.internal.Invoker.invokeTestMethod(Invoker.java:719)
	at org.testng.internal.Invoker.invokeTestMethods(Invoker.java:989)
	at org.testng.internal.TestMethodWorker.invokeTestMethods(TestMethodWorker.java:125)
	at org.testng.internal.TestMethodWorker.run(TestMethodWorker.java:109)
	at org.testng.TestRunner.privateRun(TestRunner.java:648)
	at org.testng.TestRunner.run(TestRunner.java:505)
	at org.testng.SuiteRunner.runTest(SuiteRunner.java:455)
	at org.testng.SuiteRunner.access$000(SuiteRunner.java:40)
	at org.testng.SuiteRunner$SuiteWorker.run(SuiteRunner.java:489)
	at org.testng.internal.thread.ThreadUtil$1.call(ThreadUtil.java:52)
	at java.base/java.util.concurrent.FutureTask.run(FutureTask.java:264)
	at java.base/java.util.concurrent.ThreadPoolExecutor.runWorker(ThreadPoolExecutor.java:1130)
	at java.base/java.util.concurrent.ThreadPoolExecutor$Worker.run(ThreadPoolExecutor.java:630)
	at java.base/java.lang.Thread.run(Thread.java:832)

</div> <!-- stack-trace -->
                </div> <!-- method-content -->
              </div> <!-- method -->
            </div> <!-- main-panel-content rounded-window-bottom -->
          </div> <!-- suite-Test_automtion_regression_suite-class-failed -->
          <div class="suite-Test_automtion_regression_suite-class-skipped">
            <div class="main-panel-header rounded-window-top">
              <img src="skipped.png"/>
              <span class="class-name">MyTests.OrangeHRMTest</span>
            </div> <!-- main-panel-header rounded-window-top -->
            <div class="main-panel-content rounded-window-bottom">
              <div class="method">
                <div class="method-content">
                  <a name="orangeHRMFreeTrailButtonTest">
                  </a> <!-- orangeHRMFreeTrailButtonTest -->
                  <span class="method-name">orangeHRMFreeTrailButtonTest</span>
                  <div class="stack-trace">org.openqa.selenium.WebDriverException: SafariDriver requires Safari 10 running on OSX El Capitan or greater.
Build info: version: &apos;3.141.59&apos;, revision: &apos;e82be7d358&apos;, time: &apos;2018-11-14T08:17:03&apos;
System info: host: &apos;kmewade-z01&apos;, ip: &apos;192.168.1.6&apos;, os.name: &apos;Windows 10&apos;, os.arch: &apos;amd64&apos;, os.version: &apos;10.0&apos;, java.version: &apos;15.0.1&apos;
Driver info: driver.version: SafariDriver
	at org.openqa.selenium.safari.SafariDriverService.createDefaultService(SafariDriverService.java:59)
	at org.openqa.selenium.safari.SafariDriver.&lt;init&gt;(SafariDriver.java:63)
	at org.openqa.selenium.safari.SafariDriver.&lt;init&gt;(SafariDriver.java:41)
	at MyTests.BaseTest.setup(BaseTest.java:33)
	at java.base/jdk.internal.reflect.NativeMethodAccessorImpl.invoke0(Native Method)
	at java.base/jdk.internal.reflect.NativeMethodAccessorImpl.invoke(NativeMethodAccessorImpl.java:64)
	at java.base/jdk.internal.reflect.DelegatingMethodAccessorImpl.invoke(DelegatingMethodAccessorImpl.java:43)
	at java.base/java.lang.reflect.Method.invoke(Method.java:564)
	at org.testng.internal.MethodInvocationHelper.invokeMethod(MethodInvocationHelper.java:124)
	at org.testng.internal.MethodInvocationHelper.invokeMethodConsideringTimeout(MethodInvocationHelper.java:59)
	at org.testng.internal.Invoker.invokeConfigurationMethod(Invoker.java:458)
	at org.testng.internal.Invoker.invokeConfigurations(Invoker.java:222)
	at org.testng.internal.Invoker.invokeConfigurations(Invoker.java:142)
	at org.testng.TestRunner.beforeRun(TestRunner.java:529)
	at org.testng.TestRunner.run(TestRunner.java:497)
	at org.testng.SuiteRunner.runTest(SuiteRunner.java:455)
	at org.testng.SuiteRunner.access$000(SuiteRunner.java:40)
	at org.testng.SuiteRunner$SuiteWorker.run(SuiteRunner.java:489)
	at org.testng.internal.thread.ThreadUtil$1.call(ThreadUtil.java:52)
	at java.base/java.util.concurrent.FutureTask.run(FutureTask.java:264)
	at java.base/java.util.concurrent.ThreadPoolExecutor.runWorker(ThreadPoolExecutor.java:1130)
	at java.base/java.util.concurrent.ThreadPoolExecutor$Worker.run(ThreadPoolExecutor.java:630)
	at java.base/java.lang.Thread.run(Thread.java:832)

</div> <!-- stack-trace -->
                </div> <!-- method-content -->
              </div> <!-- method -->
              <div class="method">
                <div class="method-content">
                  <a name="orangeHRMTitleTest">
                  </a> <!-- orangeHRMTitleTest -->
                  <span class="method-name">orangeHRMTitleTest</span>
                  <div class="stack-trace">org.openqa.selenium.WebDriverException: SafariDriver requires Safari 10 running on OSX El Capitan or greater.
Build info: version: &apos;3.141.59&apos;, revision: &apos;e82be7d358&apos;, time: &apos;2018-11-14T08:17:03&apos;
System info: host: &apos;kmewade-z01&apos;, ip: &apos;192.168.1.6&apos;, os.name: &apos;Windows 10&apos;, os.arch: &apos;amd64&apos;, os.version: &apos;10.0&apos;, java.version: &apos;15.0.1&apos;
Driver info: driver.version: SafariDriver
	at org.openqa.selenium.safari.SafariDriverService.createDefaultService(SafariDriverService.java:59)
	at org.openqa.selenium.safari.SafariDriver.&lt;init&gt;(SafariDriver.java:63)
	at org.openqa.selenium.safari.SafariDriver.&lt;init&gt;(SafariDriver.java:41)
	at MyTests.BaseTest.setup(BaseTest.java:33)
	at java.base/jdk.internal.reflect.NativeMethodAccessorImpl.invoke0(Native Method)
	at java.base/jdk.internal.reflect.NativeMethodAccessorImpl.invoke(NativeMethodAccessorImpl.java:64)
	at java.base/jdk.internal.reflect.DelegatingMethodAccessorImpl.invoke(DelegatingMethodAccessorImpl.java:43)
	at java.base/java.lang.reflect.Method.invoke(Method.java:564)
	at org.testng.internal.MethodInvocationHelper.invokeMethod(MethodInvocationHelper.java:124)
	at org.testng.internal.MethodInvocationHelper.invokeMethodConsideringTimeout(MethodInvocationHelper.java:59)
	at org.testng.internal.Invoker.invokeConfigurationMethod(Invoker.java:458)
	at org.testng.internal.Invoker.invokeConfigurations(Invoker.java:222)
	at org.testng.internal.Invoker.invokeConfigurations(Invoker.java:142)
	at org.testng.TestRunner.beforeRun(TestRunner.java:529)
	at org.testng.TestRunner.run(TestRunner.java:497)
	at org.testng.SuiteRunner.runTest(SuiteRunner.java:455)
	at org.testng.SuiteRunner.access$000(SuiteRunner.java:40)
	at org.testng.SuiteRunner$SuiteWorker.run(SuiteRunner.java:489)
	at org.testng.internal.thread.ThreadUtil$1.call(ThreadUtil.java:52)
	at java.base/java.util.concurrent.FutureTask.run(FutureTask.java:264)
	at java.base/java.util.concurrent.ThreadPoolExecutor.runWorker(ThreadPoolExecutor.java:1130)
	at java.base/java.util.concurrent.ThreadPoolExecutor$Worker.run(ThreadPoolExecutor.java:630)
	at java.base/java.lang.Thread.run(Thread.java:832)

</div> <!-- stack-trace -->
                </div> <!-- method-content -->
              </div> <!-- method -->
              <div class="method">
                <div class="method-content">
                  <a name="orangeHRMUrlTest">
                  </a> <!-- orangeHRMUrlTest -->
                  <span class="method-name">orangeHRMUrlTest</span>
                  <div class="stack-trace">org.openqa.selenium.WebDriverException: SafariDriver requires Safari 10 running on OSX El Capitan or greater.
Build info: version: &apos;3.141.59&apos;, revision: &apos;e82be7d358&apos;, time: &apos;2018-11-14T08:17:03&apos;
System info: host: &apos;kmewade-z01&apos;, ip: &apos;192.168.1.6&apos;, os.name: &apos;Windows 10&apos;, os.arch: &apos;amd64&apos;, os.version: &apos;10.0&apos;, java.version: &apos;15.0.1&apos;
Driver info: driver.version: SafariDriver
	at org.openqa.selenium.safari.SafariDriverService.createDefaultService(SafariDriverService.java:59)
	at org.openqa.selenium.safari.SafariDriver.&lt;init&gt;(SafariDriver.java:63)
	at org.openqa.selenium.safari.SafariDriver.&lt;init&gt;(SafariDriver.java:41)
	at MyTests.BaseTest.setup(BaseTest.java:33)
	at java.base/jdk.internal.reflect.NativeMethodAccessorImpl.invoke0(Native Method)
	at java.base/jdk.internal.reflect.NativeMethodAccessorImpl.invoke(NativeMethodAccessorImpl.java:64)
	at java.base/jdk.internal.reflect.DelegatingMethodAccessorImpl.invoke(DelegatingMethodAccessorImpl.java:43)
	at java.base/java.lang.reflect.Method.invoke(Method.java:564)
	at org.testng.internal.MethodInvocationHelper.invokeMethod(MethodInvocationHelper.java:124)
	at org.testng.internal.MethodInvocationHelper.invokeMethodConsideringTimeout(MethodInvocationHelper.java:59)
	at org.testng.internal.Invoker.invokeConfigurationMethod(Invoker.java:458)
	at org.testng.internal.Invoker.invokeConfigurations(Invoker.java:222)
	at org.testng.internal.Invoker.invokeConfigurations(Invoker.java:142)
	at org.testng.TestRunner.beforeRun(TestRunner.java:529)
	at org.testng.TestRunner.run(TestRunner.java:497)
	at org.testng.SuiteRunner.runTest(SuiteRunner.java:455)
	at org.testng.SuiteRunner.access$000(SuiteRunner.java:40)
	at org.testng.SuiteRunner$SuiteWorker.run(SuiteRunner.java:489)
	at org.testng.internal.thread.ThreadUtil$1.call(ThreadUtil.java:52)
	at java.base/java.util.concurrent.FutureTask.run(FutureTask.java:264)
	at java.base/java.util.concurrent.ThreadPoolExecutor.runWorker(ThreadPoolExecutor.java:1130)
	at java.base/java.util.concurrent.ThreadPoolExecutor$Worker.run(ThreadPoolExecutor.java:630)
	at java.base/java.lang.Thread.run(Thread.java:832)

</div> <!-- stack-trace -->
                </div> <!-- method-content -->
              </div> <!-- method -->
              <div class="method">
                <div class="method-content">
                  <a name="testing">
                  </a> <!-- testing -->
                  <span class="method-name">testing</span>
                  <div class="stack-trace">org.openqa.selenium.WebDriverException: SafariDriver requires Safari 10 running on OSX El Capitan or greater.
Build info: version: &apos;3.141.59&apos;, revision: &apos;e82be7d358&apos;, time: &apos;2018-11-14T08:17:03&apos;
System info: host: &apos;kmewade-z01&apos;, ip: &apos;192.168.1.6&apos;, os.name: &apos;Windows 10&apos;, os.arch: &apos;amd64&apos;, os.version: &apos;10.0&apos;, java.version: &apos;15.0.1&apos;
Driver info: driver.version: SafariDriver
	at org.openqa.selenium.safari.SafariDriverService.createDefaultService(SafariDriverService.java:59)
	at org.openqa.selenium.safari.SafariDriver.&lt;init&gt;(SafariDriver.java:63)
	at org.openqa.selenium.safari.SafariDriver.&lt;init&gt;(SafariDriver.java:41)
	at MyTests.BaseTest.setup(BaseTest.java:33)
	at java.base/jdk.internal.reflect.NativeMethodAccessorImpl.invoke0(Native Method)
	at java.base/jdk.internal.reflect.NativeMethodAccessorImpl.invoke(NativeMethodAccessorImpl.java:64)
	at java.base/jdk.internal.reflect.DelegatingMethodAccessorImpl.invoke(DelegatingMethodAccessorImpl.java:43)
	at java.base/java.lang.reflect.Method.invoke(Method.java:564)
	at org.testng.internal.MethodInvocationHelper.invokeMethod(MethodInvocationHelper.java:124)
	at org.testng.internal.MethodInvocationHelper.invokeMethodConsideringTimeout(MethodInvocationHelper.java:59)
	at org.testng.internal.Invoker.invokeConfigurationMethod(Invoker.java:458)
	at org.testng.internal.Invoker.invokeConfigurations(Invoker.java:222)
	at org.testng.internal.Invoker.invokeConfigurations(Invoker.java:142)
	at org.testng.TestRunner.beforeRun(TestRunner.java:529)
	at org.testng.TestRunner.run(TestRunner.java:497)
	at org.testng.SuiteRunner.runTest(SuiteRunner.java:455)
	at org.testng.SuiteRunner.access$000(SuiteRunner.java:40)
	at org.testng.SuiteRunner$SuiteWorker.run(SuiteRunner.java:489)
	at org.testng.internal.thread.ThreadUtil$1.call(ThreadUtil.java:52)
	at java.base/java.util.concurrent.FutureTask.run(FutureTask.java:264)
	at java.base/java.util.concurrent.ThreadPoolExecutor.runWorker(ThreadPoolExecutor.java:1130)
	at java.base/java.util.concurrent.ThreadPoolExecutor$Worker.run(ThreadPoolExecutor.java:630)
	at java.base/java.lang.Thread.run(Thread.java:832)

</div> <!-- stack-trace -->
                </div> <!-- method-content -->
              </div> <!-- method -->
            </div> <!-- main-panel-content rounded-window-bottom -->
          </div> <!-- suite-Test_automtion_regression_suite-class-skipped -->
          <div class="suite-Test_automtion_regression_suite-class-skipped">
            <div class="main-panel-header rounded-window-top">
              <img src="skipped.png"/>
              <span class="class-name">MyTests.DemoCartTest</span>
            </div> <!-- main-panel-header rounded-window-top -->
            <div class="main-panel-content rounded-window-bottom">
              <div class="method">
                <div class="method-content">
                  <a name="demoCartTitleTest">
                  </a> <!-- demoCartTitleTest -->
                  <span class="method-name">demoCartTitleTest</span>
                  <div class="stack-trace">org.openqa.selenium.WebDriverException: SafariDriver requires Safari 10 running on OSX El Capitan or greater.
Build info: version: &apos;3.141.59&apos;, revision: &apos;e82be7d358&apos;, time: &apos;2018-11-14T08:17:03&apos;
System info: host: &apos;kmewade-z01&apos;, ip: &apos;192.168.1.6&apos;, os.name: &apos;Windows 10&apos;, os.arch: &apos;amd64&apos;, os.version: &apos;10.0&apos;, java.version: &apos;15.0.1&apos;
Driver info: driver.version: SafariDriver
	at org.openqa.selenium.safari.SafariDriverService.createDefaultService(SafariDriverService.java:59)
	at org.openqa.selenium.safari.SafariDriver.&lt;init&gt;(SafariDriver.java:63)
	at org.openqa.selenium.safari.SafariDriver.&lt;init&gt;(SafariDriver.java:41)
	at MyTests.BaseTest.setup(BaseTest.java:33)
	at java.base/jdk.internal.reflect.NativeMethodAccessorImpl.invoke0(Native Method)
	at java.base/jdk.internal.reflect.NativeMethodAccessorImpl.invoke(NativeMethodAccessorImpl.java:64)
	at java.base/jdk.internal.reflect.DelegatingMethodAccessorImpl.invoke(DelegatingMethodAccessorImpl.java:43)
	at java.base/java.lang.reflect.Method.invoke(Method.java:564)
	at org.testng.internal.MethodInvocationHelper.invokeMethod(MethodInvocationHelper.java:124)
	at org.testng.internal.MethodInvocationHelper.invokeMethodConsideringTimeout(MethodInvocationHelper.java:59)
	at org.testng.internal.Invoker.invokeConfigurationMethod(Invoker.java:458)
	at org.testng.internal.Invoker.invokeConfigurations(Invoker.java:222)
	at org.testng.internal.Invoker.invokeConfigurations(Invoker.java:142)
	at org.testng.TestRunner.beforeRun(TestRunner.java:529)
	at org.testng.TestRunner.run(TestRunner.java:497)
	at org.testng.SuiteRunner.runTest(SuiteRunner.java:455)
	at org.testng.SuiteRunner.access$000(SuiteRunner.java:40)
	at org.testng.SuiteRunner$SuiteWorker.run(SuiteRunner.java:489)
	at org.testng.internal.thread.ThreadUtil$1.call(ThreadUtil.java:52)
	at java.base/java.util.concurrent.FutureTask.run(FutureTask.java:264)
	at java.base/java.util.concurrent.ThreadPoolExecutor.runWorker(ThreadPoolExecutor.java:1130)
	at java.base/java.util.concurrent.ThreadPoolExecutor$Worker.run(ThreadPoolExecutor.java:630)
	at java.base/java.lang.Thread.run(Thread.java:832)

</div> <!-- stack-trace -->
                </div> <!-- method-content -->
              </div> <!-- method -->
              <div class="method">
                <div class="method-content">
                  <a name="demoCartUrlTest">
                  </a> <!-- demoCartUrlTest -->
                  <span class="method-name">demoCartUrlTest</span>
                  <div class="stack-trace">org.openqa.selenium.WebDriverException: SafariDriver requires Safari 10 running on OSX El Capitan or greater.
Build info: version: &apos;3.141.59&apos;, revision: &apos;e82be7d358&apos;, time: &apos;2018-11-14T08:17:03&apos;
System info: host: &apos;kmewade-z01&apos;, ip: &apos;192.168.1.6&apos;, os.name: &apos;Windows 10&apos;, os.arch: &apos;amd64&apos;, os.version: &apos;10.0&apos;, java.version: &apos;15.0.1&apos;
Driver info: driver.version: SafariDriver
	at org.openqa.selenium.safari.SafariDriverService.createDefaultService(SafariDriverService.java:59)
	at org.openqa.selenium.safari.SafariDriver.&lt;init&gt;(SafariDriver.java:63)
	at org.openqa.selenium.safari.SafariDriver.&lt;init&gt;(SafariDriver.java:41)
	at MyTests.BaseTest.setup(BaseTest.java:33)
	at java.base/jdk.internal.reflect.NativeMethodAccessorImpl.invoke0(Native Method)
	at java.base/jdk.internal.reflect.NativeMethodAccessorImpl.invoke(NativeMethodAccessorImpl.java:64)
	at java.base/jdk.internal.reflect.DelegatingMethodAccessorImpl.invoke(DelegatingMethodAccessorImpl.java:43)
	at java.base/java.lang.reflect.Method.invoke(Method.java:564)
	at org.testng.internal.MethodInvocationHelper.invokeMethod(MethodInvocationHelper.java:124)
	at org.testng.internal.MethodInvocationHelper.invokeMethodConsideringTimeout(MethodInvocationHelper.java:59)
	at org.testng.internal.Invoker.invokeConfigurationMethod(Invoker.java:458)
	at org.testng.internal.Invoker.invokeConfigurations(Invoker.java:222)
	at org.testng.internal.Invoker.invokeConfigurations(Invoker.java:142)
	at org.testng.TestRunner.beforeRun(TestRunner.java:529)
	at org.testng.TestRunner.run(TestRunner.java:497)
	at org.testng.SuiteRunner.runTest(SuiteRunner.java:455)
	at org.testng.SuiteRunner.access$000(SuiteRunner.java:40)
	at org.testng.SuiteRunner$SuiteWorker.run(SuiteRunner.java:489)
	at org.testng.internal.thread.ThreadUtil$1.call(ThreadUtil.java:52)
	at java.base/java.util.concurrent.FutureTask.run(FutureTask.java:264)
	at java.base/java.util.concurrent.ThreadPoolExecutor.runWorker(ThreadPoolExecutor.java:1130)
	at java.base/java.util.concurrent.ThreadPoolExecutor$Worker.run(ThreadPoolExecutor.java:630)
	at java.base/java.lang.Thread.run(Thread.java:832)

</div> <!-- stack-trace -->
                </div> <!-- method-content -->
              </div> <!-- method -->
              <div class="method">
                <div class="method-content">
                  <a name="testing">
                  </a> <!-- testing -->
                  <span class="method-name">testing</span>
                  <div class="stack-trace">org.openqa.selenium.WebDriverException: SafariDriver requires Safari 10 running on OSX El Capitan or greater.
Build info: version: &apos;3.141.59&apos;, revision: &apos;e82be7d358&apos;, time: &apos;2018-11-14T08:17:03&apos;
System info: host: &apos;kmewade-z01&apos;, ip: &apos;192.168.1.6&apos;, os.name: &apos;Windows 10&apos;, os.arch: &apos;amd64&apos;, os.version: &apos;10.0&apos;, java.version: &apos;15.0.1&apos;
Driver info: driver.version: SafariDriver
	at org.openqa.selenium.safari.SafariDriverService.createDefaultService(SafariDriverService.java:59)
	at org.openqa.selenium.safari.SafariDriver.&lt;init&gt;(SafariDriver.java:63)
	at org.openqa.selenium.safari.SafariDriver.&lt;init&gt;(SafariDriver.java:41)
	at MyTests.BaseTest.setup(BaseTest.java:33)
	at java.base/jdk.internal.reflect.NativeMethodAccessorImpl.invoke0(Native Method)
	at java.base/jdk.internal.reflect.NativeMethodAccessorImpl.invoke(NativeMethodAccessorImpl.java:64)
	at java.base/jdk.internal.reflect.DelegatingMethodAccessorImpl.invoke(DelegatingMethodAccessorImpl.java:43)
	at java.base/java.lang.reflect.Method.invoke(Method.java:564)
	at org.testng.internal.MethodInvocationHelper.invokeMethod(MethodInvocationHelper.java:124)
	at org.testng.internal.MethodInvocationHelper.invokeMethodConsideringTimeout(MethodInvocationHelper.java:59)
	at org.testng.internal.Invoker.invokeConfigurationMethod(Invoker.java:458)
	at org.testng.internal.Invoker.invokeConfigurations(Invoker.java:222)
	at org.testng.internal.Invoker.invokeConfigurations(Invoker.java:142)
	at org.testng.TestRunner.beforeRun(TestRunner.java:529)
	at org.testng.TestRunner.run(TestRunner.java:497)
	at org.testng.SuiteRunner.runTest(SuiteRunner.java:455)
	at org.testng.SuiteRunner.access$000(SuiteRunner.java:40)
	at org.testng.SuiteRunner$SuiteWorker.run(SuiteRunner.java:489)
	at org.testng.internal.thread.ThreadUtil$1.call(ThreadUtil.java:52)
	at java.base/java.util.concurrent.FutureTask.run(FutureTask.java:264)
	at java.base/java.util.concurrent.ThreadPoolExecutor.runWorker(ThreadPoolExecutor.java:1130)
	at java.base/java.util.concurrent.ThreadPoolExecutor$Worker.run(ThreadPoolExecutor.java:630)
	at java.base/java.lang.Thread.run(Thread.java:832)

</div> <!-- stack-trace -->
                </div> <!-- method-content -->
              </div> <!-- method -->
            </div> <!-- main-panel-content rounded-window-bottom -->
          </div> <!-- suite-Test_automtion_regression_suite-class-skipped -->
          <div class="suite-Test_automtion_regression_suite-class-passed">
            <div class="main-panel-header rounded-window-top">
              <img src="passed.png"/>
              <span class="class-name">MyTests.OrangeHRMTest</span>
            </div> <!-- main-panel-header rounded-window-top -->
            <div class="main-panel-content rounded-window-bottom">
              <div class="method">
                <div class="method-content">
                  <a name="orangeHRMUrlTest">
                  </a> <!-- orangeHRMUrlTest -->
                  <span class="method-name">orangeHRMUrlTest</span>
                </div> <!-- method-content -->
              </div> <!-- method -->
              <div class="method">
                <div class="method-content">
                  <a name="orangeHRMUrlTest">
                  </a> <!-- orangeHRMUrlTest -->
                  <span class="method-name">orangeHRMUrlTest</span>
                </div> <!-- method-content -->
              </div> <!-- method -->
              <div class="method">
                <div class="method-content">
                  <a name="testing">
                  </a> <!-- testing -->
                  <span class="method-name">testing</span>
                </div> <!-- method-content -->
              </div> <!-- method -->
              <div class="method">
                <div class="method-content">
                  <a name="testing">
                  </a> <!-- testing -->
                  <span class="method-name">testing</span>
                </div> <!-- method-content -->
              </div> <!-- method -->
            </div> <!-- main-panel-content rounded-window-bottom -->
          </div> <!-- suite-Test_automtion_regression_suite-class-passed -->
          <div class="suite-Test_automtion_regression_suite-class-passed">
            <div class="main-panel-header rounded-window-top">
              <img src="passed.png"/>
              <span class="class-name">MyTests.DemoCartTest</span>
            </div> <!-- main-panel-header rounded-window-top -->
            <div class="main-panel-content rounded-window-bottom">
              <div class="method">
                <div class="method-content">
                  <a name="demoCartTitleTest">
                  </a> <!-- demoCartTitleTest -->
                  <span class="method-name">demoCartTitleTest</span>
                </div> <!-- method-content -->
              </div> <!-- method -->
              <div class="method">
                <div class="method-content">
                  <a name="demoCartTitleTest">
                  </a> <!-- demoCartTitleTest -->
                  <span class="method-name">demoCartTitleTest</span>
                </div> <!-- method-content -->
              </div> <!-- method -->
              <div class="method">
                <div class="method-content">
                  <a name="demoCartUrlTest">
                  </a> <!-- demoCartUrlTest -->
                  <span class="method-name">demoCartUrlTest</span>
                </div> <!-- method-content -->
              </div> <!-- method -->
              <div class="method">
                <div class="method-content">
                  <a name="demoCartUrlTest">
                  </a> <!-- demoCartUrlTest -->
                  <span class="method-name">demoCartUrlTest</span>
                </div> <!-- method-content -->
              </div> <!-- method -->
              <div class="method">
                <div class="method-content">
                  <a name="testing">
                  </a> <!-- testing -->
                  <span class="method-name">testing</span>
                </div> <!-- method-content -->
              </div> <!-- method -->
              <div class="method">
                <div class="method-content">
                  <a name="testing">
                  </a> <!-- testing -->
                  <span class="method-name">testing</span>
                </div> <!-- method-content -->
              </div> <!-- method -->
            </div> <!-- main-panel-content rounded-window-bottom -->
          </div> <!-- suite-Test_automtion_regression_suite-class-passed -->
          <div class="suite-Test_automtion_regression_suite-class-passed">
            <div class="main-panel-header rounded-window-top">
              <img src="passed.png"/>
              <span class="class-name">testngsessions.AmazonTest</span>
            </div> <!-- main-panel-header rounded-window-top -->
            <div class="main-panel-content rounded-window-bottom">
              <div class="method">
                <div class="method-content">
                  <a name="amazonLogoTest">
                  </a> <!-- amazonLogoTest -->
                  <span class="method-name">amazonLogoTest</span>
                </div> <!-- method-content -->
              </div> <!-- method -->
              <div class="method">
                <div class="method-content">
                  <a name="amazonPageTitleTest">
                  </a> <!-- amazonPageTitleTest -->
                  <span class="method-name">amazonPageTitleTest</span>
                </div> <!-- method-content -->
              </div> <!-- method -->
              <div class="method">
                <div class="method-content">
                  <a name="searchBarExistTest">
                  </a> <!-- searchBarExistTest -->
                  <span class="method-name">searchBarExistTest</span>
                </div> <!-- method-content -->
              </div> <!-- method -->
            </div> <!-- main-panel-content rounded-window-bottom -->
          </div> <!-- suite-Test_automtion_regression_suite-class-passed -->
        </div> <!-- panel Test_automtion_regression_suite -->
        <div panel-name="test-xml-Test_automtion_regression_suite" class="panel">
          <div class="main-panel-header rounded-window-top">
            <span class="header-content">C:\Users\kmewade\eclipse-workspace\Selenium\src\test\resources\testrunners\testng.xml</span>
          </div> <!-- main-panel-header rounded-window-top -->
          <div class="main-panel-content rounded-window-bottom">
            <pre>
&lt;?xml version=&quot;1.0&quot; encoding=&quot;UTF-8&quot;?&gt;
&lt;!DOCTYPE suite SYSTEM &quot;http://testng.org/testng-1.0.dtd&quot;&gt;
&lt;suite thread-count=&quot;3&quot; parallel=&quot;tests&quot; name=&quot;Test automtion regression suite&quot; guice-stage=&quot;DEVELOPMENT&quot; verbose=&quot;3&quot;&gt;
  &lt;test thread-count=&quot;3&quot; parallel=&quot;tests&quot; name=&quot;Orange HRM Test - chrome&quot; verbose=&quot;3&quot;&gt;
    &lt;parameter name=&quot;browser&quot; value=&quot;chrome&quot;/&gt;
    &lt;classes&gt;
      &lt;class name=&quot;MyTests.OrangeHRMTest&quot;/&gt;
    &lt;/classes&gt;
  &lt;/test&gt; &lt;!-- Orange HRM Test - chrome --&gt;
  &lt;test thread-count=&quot;3&quot; parallel=&quot;tests&quot; name=&quot;Orange HRM Test - firefox&quot; verbose=&quot;3&quot;&gt;
    &lt;parameter name=&quot;browser&quot; value=&quot;firefox&quot;/&gt;
    &lt;classes&gt;
      &lt;class name=&quot;MyTests.OrangeHRMTest&quot;/&gt;
    &lt;/classes&gt;
  &lt;/test&gt; &lt;!-- Orange HRM Test - firefox --&gt;
  &lt;test thread-count=&quot;3&quot; parallel=&quot;tests&quot; name=&quot;Orange HRM Test - safari&quot; verbose=&quot;3&quot;&gt;
    &lt;parameter name=&quot;browser&quot; value=&quot;safari&quot;/&gt;
    &lt;classes&gt;
      &lt;class name=&quot;MyTests.OrangeHRMTest&quot;/&gt;
    &lt;/classes&gt;
  &lt;/test&gt; &lt;!-- Orange HRM Test - safari --&gt;
  &lt;test thread-count=&quot;3&quot; parallel=&quot;tests&quot; name=&quot;OpenCart Test - safari&quot; verbose=&quot;3&quot;&gt;
    &lt;parameter name=&quot;browser&quot; value=&quot;safari&quot;/&gt;
    &lt;classes&gt;
      &lt;class name=&quot;MyTests.DemoCartTest&quot;/&gt;
    &lt;/classes&gt;
  &lt;/test&gt; &lt;!-- OpenCart Test - safari --&gt;
  &lt;test thread-count=&quot;3&quot; parallel=&quot;tests&quot; name=&quot;OpenCart Test - chrome&quot; verbose=&quot;3&quot;&gt;
    &lt;parameter name=&quot;browser&quot; value=&quot;chrome&quot;/&gt;
    &lt;classes&gt;
      &lt;class name=&quot;MyTests.DemoCartTest&quot;/&gt;
    &lt;/classes&gt;
  &lt;/test&gt; &lt;!-- OpenCart Test - chrome --&gt;
  &lt;test thread-count=&quot;3&quot; parallel=&quot;tests&quot; name=&quot;OpenCart Test - firefox&quot; verbose=&quot;3&quot;&gt;
    &lt;parameter name=&quot;browser&quot; value=&quot;firefox&quot;/&gt;
    &lt;classes&gt;
      &lt;class name=&quot;MyTests.DemoCartTest&quot;/&gt;
    &lt;/classes&gt;
  &lt;/test&gt; &lt;!-- OpenCart Test - firefox --&gt;
  &lt;test thread-count=&quot;3&quot; parallel=&quot;tests&quot; name=&quot;Amazon Test&quot; verbose=&quot;3&quot;&gt;
    &lt;parameter name=&quot;browser&quot; value=&quot;firefox&quot;/&gt;
    &lt;classes&gt;
      &lt;class name=&quot;testngsessions.AmazonTest&quot;/&gt;
    &lt;/classes&gt;
  &lt;/test&gt; &lt;!-- Amazon Test --&gt;
&lt;/suite&gt; &lt;!-- Test automtion regression suite --&gt;
            </pre>
          </div> <!-- main-panel-content rounded-window-bottom -->
        </div> <!-- panel -->
        <div panel-name="testlist-Test_automtion_regression_suite" class="panel">
          <div class="main-panel-header rounded-window-top">
            <span class="header-content">Tests for Test automtion regression suite</span>
          </div> <!-- main-panel-header rounded-window-top -->
          <div class="main-panel-content rounded-window-bottom">
            <ul>
              <li>
                <span class="test-name">Orange HRM Test - chrome (1 class)</span>
              </li>
              <li>
                <span class="test-name">Orange HRM Test - firefox (1 class)</span>
              </li>
              <li>
                <span class="test-name">Orange HRM Test - safari (1 class)</span>
              </li>
              <li>
                <span class="test-name">OpenCart Test - safari (1 class)</span>
              </li>
              <li>
                <span class="test-name">OpenCart Test - chrome (1 class)</span>
              </li>
              <li>
                <span class="test-name">OpenCart Test - firefox (1 class)</span>
              </li>
              <li>
                <span class="test-name">Amazon Test (1 class)</span>
              </li>
            </ul>
          </div> <!-- main-panel-content rounded-window-bottom -->
        </div> <!-- panel -->
        <div panel-name="group-Test_automtion_regression_suite" class="panel">
          <div class="main-panel-header rounded-window-top">
            <span class="header-content">Groups for Test automtion regression suite</span>
          </div> <!-- main-panel-header rounded-window-top -->
          <div class="main-panel-content rounded-window-bottom">
          </div> <!-- main-panel-content rounded-window-bottom -->
        </div> <!-- panel -->
        <div panel-name="times-Test_automtion_regression_suite" class="panel">
          <div class="main-panel-header rounded-window-top">
            <span class="header-content">Times for Test automtion regression suite</span>
          </div> <!-- main-panel-header rounded-window-top -->
          <div class="main-panel-content rounded-window-bottom">
            <div class="times-div">
              <script type="text/javascript">
suiteTableInitFunctions.push('tableData_Test_automtion_regression_suite');
function tableData_Test_automtion_regression_suite() {
var data = new google.visualization.DataTable();
data.addColumn('number', 'Number');
data.addColumn('string', 'Method');
data.addColumn('string', 'Class');
data.addColumn('number', 'Time (ms)');
data.addRows(24);
data.setCell(0, 0, 0)
data.setCell(0, 1, 'orangeHRMFreeTrailButtonTest')
data.setCell(0, 2, 'MyTests.OrangeHRMTest')
data.setCell(0, 3, 36679);
data.setCell(1, 0, 1)
data.setCell(1, 1, 'orangeHRMFreeTrailButtonTest')
data.setCell(1, 2, 'MyTests.OrangeHRMTest')
data.setCell(1, 3, 17604);
data.setCell(2, 0, 2)
data.setCell(2, 1, 'demoCartTitleTest')
data.setCell(2, 2, 'MyTests.DemoCartTest')
data.setCell(2, 3, 3744);
data.setCell(3, 0, 3)
data.setCell(3, 1, 'demoCartTitleTest')
data.setCell(3, 2, 'MyTests.DemoCartTest')
data.setCell(3, 3, 2985);
data.setCell(4, 0, 4)
data.setCell(4, 1, 'searchBarExistTest')
data.setCell(4, 2, 'testngsessions.AmazonTest')
data.setCell(4, 3, 2317);
data.setCell(5, 0, 5)
data.setCell(5, 1, 'amazonPageTitleTest')
data.setCell(5, 2, 'testngsessions.AmazonTest')
data.setCell(5, 3, 812);
data.setCell(6, 0, 6)
data.setCell(6, 1, 'amazonLogoTest')
data.setCell(6, 2, 'testngsessions.AmazonTest')
data.setCell(6, 3, 356);
data.setCell(7, 0, 7)
data.setCell(7, 1, 'demoCartUrlTest')
data.setCell(7, 2, 'MyTests.DemoCartTest')
data.setCell(7, 3, 54);
data.setCell(8, 0, 8)
data.setCell(8, 1, 'orangeHRMTitleTest')
data.setCell(8, 2, 'MyTests.OrangeHRMTest')
data.setCell(8, 3, 48);
data.setCell(9, 0, 9)
data.setCell(9, 1, 'orangeHRMUrlTest')
data.setCell(9, 2, 'MyTests.OrangeHRMTest')
data.setCell(9, 3, 24);
data.setCell(10, 0, 10)
data.setCell(10, 1, 'orangeHRMUrlTest')
data.setCell(10, 2, 'MyTests.OrangeHRMTest')
data.setCell(10, 3, 13);
data.setCell(11, 0, 11)
data.setCell(11, 1, 'orangeHRMTitleTest')
data.setCell(11, 2, 'MyTests.OrangeHRMTest')
data.setCell(11, 3, 13);
data.setCell(12, 0, 12)
data.setCell(12, 1, 'demoCartUrlTest')
data.setCell(12, 2, 'MyTests.DemoCartTest')
data.setCell(12, 3, 12);
data.setCell(13, 0, 13)
data.setCell(13, 1, 'testing')
data.setCell(13, 2, 'MyTests.OrangeHRMTest')
data.setCell(13, 3, 2);
data.setCell(14, 0, 14)
data.setCell(14, 1, 'testing')
data.setCell(14, 2, 'MyTests.DemoCartTest')
data.setCell(14, 3, 2);
data.setCell(15, 0, 15)
data.setCell(15, 1, 'testing')
data.setCell(15, 2, 'MyTests.DemoCartTest')
data.setCell(15, 3, 1);
data.setCell(16, 0, 16)
data.setCell(16, 1, 'testing')
data.setCell(16, 2, 'MyTests.OrangeHRMTest')
data.setCell(16, 3, 1);
data.setCell(17, 0, 17)
data.setCell(17, 1, 'orangeHRMTitleTest')
data.setCell(17, 2, 'MyTests.OrangeHRMTest')
data.setCell(17, 3, 0);
data.setCell(18, 0, 18)
data.setCell(18, 1, 'orangeHRMUrlTest')
data.setCell(18, 2, 'MyTests.OrangeHRMTest')
data.setCell(18, 3, 0);
data.setCell(19, 0, 19)
data.setCell(19, 1, 'orangeHRMFreeTrailButtonTest')
data.setCell(19, 2, 'MyTests.OrangeHRMTest')
data.setCell(19, 3, 0);
data.setCell(20, 0, 20)
data.setCell(20, 1, 'testing')
data.setCell(20, 2, 'MyTests.OrangeHRMTest')
data.setCell(20, 3, 0);
data.setCell(21, 0, 21)
data.setCell(21, 1, 'demoCartTitleTest')
data.setCell(21, 2, 'MyTests.DemoCartTest')
data.setCell(21, 3, 0);
data.setCell(22, 0, 22)
data.setCell(22, 1, 'demoCartUrlTest')
data.setCell(22, 2, 'MyTests.DemoCartTest')
data.setCell(22, 3, 0);
data.setCell(23, 0, 23)
data.setCell(23, 1, 'testing')
data.setCell(23, 2, 'MyTests.DemoCartTest')
data.setCell(23, 3, 0);
window.suiteTableData['Test_automtion_regression_suite']= { tableData: data, tableDiv: 'times-div-Test_automtion_regression_suite'}
return data;
}
              </script>
              <span class="suite-total-time">Total running time: 1 minutes</span>
              <div id="times-div-Test_automtion_regression_suite">
              </div> <!-- times-div-Test_automtion_regression_suite -->
            </div> <!-- times-div -->
          </div> <!-- main-panel-content rounded-window-bottom -->
        </div> <!-- panel -->
        <div panel-name="reporter-Test_automtion_regression_suite" class="panel">
          <div class="main-panel-header rounded-window-top">
            <span class="header-content">Reporter output for Test automtion regression suite</span>
          </div> <!-- main-panel-header rounded-window-top -->
          <div class="main-panel-content rounded-window-bottom">
          </div> <!-- main-panel-content rounded-window-bottom -->
        </div> <!-- panel -->
        <div panel-name="ignored-methods-Test_automtion_regression_suite" class="panel">
          <div class="main-panel-header rounded-window-top">
            <span class="header-content">0 ignored methods</span>
          </div> <!-- main-panel-header rounded-window-top -->
          <div class="main-panel-content rounded-window-bottom">
          </div> <!-- main-panel-content rounded-window-bottom -->
        </div> <!-- panel -->
        <div panel-name="chronological-Test_automtion_regression_suite" class="panel">
          <div class="main-panel-header rounded-window-top">
            <span class="header-content">Methods in chronological order</span>
          </div> <!-- main-panel-header rounded-window-top -->
          <div class="main-panel-content rounded-window-bottom">
            <div class="chronological-class">
              <div class="chronological-class-name">MyTests.OrangeHRMTest</div> <!-- chronological-class-name -->
              <div class="test-method">
                <span class="method-name">testing</span>
                <span class="method-start">0 ms</span>
              </div> <!-- test-method -->
              <div class="test-method">
                <span class="method-name">orangeHRMFreeTrailButtonTest</span>
                <span class="method-start">0 ms</span>
              </div> <!-- test-method -->
              <div class="test-method">
                <span class="method-name">orangeHRMTitleTest</span>
                <span class="method-start">0 ms</span>
              </div> <!-- test-method -->
              <div class="test-method">
                <span class="method-name">orangeHRMUrlTest</span>
                <span class="method-start">0 ms</span>
              </div> <!-- test-method -->
            </div> <!-- chronological-class -->
            <div class="chronological-class">
              <div class="chronological-class-name">MyTests.DemoCartTest</div> <!-- chronological-class-name -->
              <div class="test-method">
                <span class="method-name">testing</span>
                <span class="method-start">0 ms</span>
              </div> <!-- test-method -->
              <div class="test-method">
                <span class="method-name">demoCartTitleTest</span>
                <span class="method-start">0 ms</span>
              </div> <!-- test-method -->
              <div class="test-method">
                <span class="method-name">demoCartUrlTest</span>
                <span class="method-start">0 ms</span>
              </div> <!-- test-method -->
            </div> <!-- chronological-class -->
            <div class="chronological-class">
              <div class="chronological-class-name">MyTests.OrangeHRMTest</div> <!-- chronological-class-name -->
              <div class="configuration-test before">
                <span class="method-name">setup(chrome)</span>
                <span class="method-start">0 ms</span>
              </div> <!-- configuration-test before -->
              <div class="configuration-test before">
                <span class="method-name">setup(firefox)</span>
                <span class="method-start">0 ms</span>
              </div> <!-- configuration-test before -->
              <div class="configuration-test before">
                <img src="failed.png">
                </img>
                <span class="method-name">setup(safari)</span>
                <span class="method-start">2 ms</span>
              </div> <!-- configuration-test before -->
            </div> <!-- chronological-class -->
            <div class="chronological-class">
              <div class="chronological-class-name">MyTests.DemoCartTest</div> <!-- chronological-class-name -->
              <div class="configuration-test before">
                <img src="failed.png">
                </img>
                <span class="method-name">setup(safari)</span>
                <span class="method-start">392 ms</span>
              </div> <!-- configuration-test before -->
              <div class="configuration-test before">
                <span class="method-name">setup(chrome)</span>
                <span class="method-start">551 ms</span>
              </div> <!-- configuration-test before -->
            </div> <!-- chronological-class -->
            <div class="chronological-class">
              <div class="chronological-class-name">MyTests.OrangeHRMTest</div> <!-- chronological-class-name -->
              <div class="test-method">
                <span class="method-name">testing</span>
                <span class="method-start">10814 ms</span>
              </div> <!-- test-method -->
              <div class="test-method">
                <img src="failed.png">
                </img>
                <span class="method-name">orangeHRMFreeTrailButtonTest</span>
                <span class="method-start">10820 ms</span>
              </div> <!-- test-method -->
            </div> <!-- chronological-class -->
            <div class="chronological-class">
              <div class="chronological-class-name">MyTests.DemoCartTest</div> <!-- chronological-class-name -->
              <div class="test-method">
                <span class="method-name">testing</span>
                <span class="method-start">11081 ms</span>
              </div> <!-- test-method -->
              <div class="test-method">
                <span class="method-name">demoCartTitleTest</span>
                <span class="method-start">11085 ms</span>
              </div> <!-- test-method -->
              <div class="test-method">
                <span class="method-name">demoCartUrlTest</span>
                <span class="method-start">14077 ms</span>
              </div> <!-- test-method -->
              <div class="configuration-test after">
                <span class="method-name">tearDown</span>
                <span class="method-start">14135 ms</span>
              </div> <!-- configuration-test after -->
              <div class="configuration-test before">
                <span class="method-name">setup(firefox)</span>
                <span class="method-start">16362 ms</span>
              </div> <!-- configuration-test before -->
            </div> <!-- chronological-class -->
            <div class="chronological-class">
              <div class="chronological-class-name">MyTests.OrangeHRMTest</div> <!-- chronological-class-name -->
              <div class="test-method">
                <img src="failed.png">
                </img>
                <span class="method-name">orangeHRMTitleTest</span>
                <span class="method-start">28429 ms</span>
              </div> <!-- test-method -->
              <div class="test-method">
                <span class="method-name">orangeHRMUrlTest</span>
                <span class="method-start">28479 ms</span>
              </div> <!-- test-method -->
              <div class="configuration-test after">
                <span class="method-name">tearDown</span>
                <span class="method-start">28505 ms</span>
              </div> <!-- configuration-test after -->
            </div> <!-- chronological-class -->
            <div class="chronological-class">
              <div class="chronological-class-name">testngsessions.AmazonTest</div> <!-- chronological-class-name -->
              <div class="configuration-test before">
                <span class="method-name">setUp</span>
                <span class="method-start">30724 ms</span>
              </div> <!-- configuration-test before -->
            </div> <!-- chronological-class -->
            <div class="chronological-class">
              <div class="chronological-class-name">MyTests.OrangeHRMTest</div> <!-- chronological-class-name -->
              <div class="test-method">
                <span class="method-name">testing</span>
                <span class="method-start">31282 ms</span>
              </div> <!-- test-method -->
              <div class="test-method">
                <img src="failed.png">
                </img>
                <span class="method-name">orangeHRMFreeTrailButtonTest</span>
                <span class="method-start">31285 ms</span>
              </div> <!-- test-method -->
            </div> <!-- chronological-class -->
            <div class="chronological-class">
              <div class="chronological-class-name">testngsessions.AmazonTest</div> <!-- chronological-class-name -->
              <div class="test-method">
                <span class="method-name">amazonPageTitleTest</span>
                <span class="method-start">42789 ms</span>
              </div> <!-- test-method -->
              <div class="test-method">
                <span class="method-name">searchBarExistTest</span>
                <span class="method-start">43603 ms</span>
              </div> <!-- test-method -->
            </div> <!-- chronological-class -->
            <div class="chronological-class">
              <div class="chronological-class-name">MyTests.DemoCartTest</div> <!-- chronological-class-name -->
              <div class="test-method">
                <span class="method-name">testing</span>
                <span class="method-start">43714 ms</span>
              </div> <!-- test-method -->
              <div class="test-method">
                <span class="method-name">demoCartTitleTest</span>
                <span class="method-start">43721 ms</span>
              </div> <!-- test-method -->
            </div> <!-- chronological-class -->
            <div class="chronological-class">
              <div class="chronological-class-name">testngsessions.AmazonTest</div> <!-- chronological-class-name -->
              <div class="test-method">
                <span class="method-name">amazonLogoTest</span>
                <span class="method-start">45924 ms</span>
              </div> <!-- test-method -->
              <div class="configuration-test after">
                <span class="method-name">tearDown</span>
                <span class="method-start">46282 ms</span>
              </div> <!-- configuration-test after -->
            </div> <!-- chronological-class -->
            <div class="chronological-class">
              <div class="chronological-class-name">MyTests.DemoCartTest</div> <!-- chronological-class-name -->
              <div class="test-method">
                <span class="method-name">demoCartUrlTest</span>
                <span class="method-start">47468 ms</span>
              </div> <!-- test-method -->
              <div class="configuration-test after">
                <span class="method-name">tearDown</span>
                <span class="method-start">47481 ms</span>
              </div> <!-- configuration-test after -->
            </div> <!-- chronological-class -->
            <div class="chronological-class">
              <div class="chronological-class-name">MyTests.OrangeHRMTest</div> <!-- chronological-class-name -->
              <div class="test-method">
                <img src="failed.png">
                </img>
                <span class="method-name">orangeHRMTitleTest</span>
                <span class="method-start">67969 ms</span>
              </div> <!-- test-method -->
              <div class="test-method">
                <span class="method-name">orangeHRMUrlTest</span>
                <span class="method-start">67985 ms</span>
              </div> <!-- test-method -->
              <div class="configuration-test after">
                <span class="method-name">tearDown</span>
                <span class="method-start">67999 ms</span>
              </div> <!-- configuration-test after -->
          </div> <!-- main-panel-content rounded-window-bottom -->
        </div> <!-- panel -->
      </div> <!-- main-panel-root -->
    </div> <!-- wrapper -->
  </body>
</html>
